Arguments: 
  /usr/local/bin/node /usr/local/bin/yarn add easel.js

PATH: 
  /usr/local/mongodb/bin:/Library/Frameworks/Python.framework/Versions/3.6/bin:/usr/local/bin:/usr/bin:/bin:/usr/sbin:/sbin:/usr/local/mongodb/bin:/Library/Frameworks/Python.framework/Versions/3.6/bin

Yarn version: 
  1.9.4

Node version: 
  8.9.4

Platform: 
  darwin x64

Trace: 
  Error: https://registry.yarnpkg.com/easel.js: Not found
      at Request.params.callback [as _callback] (/usr/local/lib/node_modules/yarn/lib/cli.js:64202:18)
      at Request.self.callback (/usr/local/lib/node_modules/yarn/lib/cli.js:137468:22)
      at emitTwo (events.js:126:13)
      at Request.emit (events.js:214:7)
      at Request.<anonymous> (/usr/local/lib/node_modules/yarn/lib/cli.js:138440:10)
      at emitOne (events.js:116:13)
      at Request.emit (events.js:211:7)
      at IncomingMessage.<anonymous> (/usr/local/lib/node_modules/yarn/lib/cli.js:138362:12)
      at Object.onceWrapper (events.js:313:30)
      at emitNone (events.js:111:20)

npm manifest: 
  {
    "name": "comp397-f2018-lesson1",
    "version": "1.0.0",
    "description": "COMP397-F2018-Lesson1",
    "main": "index.js",
    "repository": "https://github.com/smonroy/COMP397-F2018-Lesson1.git",
    "author": "Sergio Monroy Escalante <sergio.monroy.escalante@gmail.com>",
    "license": "MIT"
  }

yarn manifest: 
  No manifest

Lockfile: 
  No lockfile
